--------------------------------
Processing: ./properties/nn_1/prop1_neuron0_7_10.limodsat
-: LUKAsiewicz infinitely-valued logic SOLver :-
Analysing satisfiability... SAT

real	0m30,927s
user	0m29,762s
sys	0m0,446s
--------------------------------
Processing: ./properties/nn_1/prop1_neuron10_7_10.limodsat
-: LUKAsiewicz infinitely-valued logic SOLver :-
Analysing satisfiability... SAT

real	7m56,191s
user	7m53,174s
sys	0m0,481s
--------------------------------
Processing: ./properties/nn_1/prop1_neuron11_7_10.limodsat
-: LUKAsiewicz infinitely-valued logic SOLver :-
Analysing satisfiability... SAT

real	3m9,617s
user	3m5,749s
sys	0m0,536s
--------------------------------
Processing: ./properties/nn_1/prop1_neuron12_7_10.limodsat
-: LUKAsiewicz infinitely-valued logic SOLver :-
Analysing satisfiability... SAT

real	2m44,639s
user	2m42,858s
sys	0m0,440s
--------------------------------
Processing: ./properties/nn_1/prop1_neuron13_7_10.limodsat
-: LUKAsiewicz infinitely-valued logic SOLver :-
Analysing satisfiability... SAT

real	6m2,748s
user	5m57,056s
sys	0m0,649s
--------------------------------
Processing: ./properties/nn_1/prop1_neuron14_7_10.limodsat
-: LUKAsiewicz infinitely-valued logic SOLver :-
Analysing satisfiability... SAT

real	1m9,571s
user	1m8,981s
sys	0m0,367s
--------------------------------
Processing: ./properties/nn_1/prop1_neuron1_7_10.limodsat
-: LUKAsiewicz infinitely-valued logic SOLver :-
Analysing satisfiability... SAT

real	8m37,471s
user	8m34,512s
sys	0m0,465s
--------------------------------
Processing: ./properties/nn_1/prop1_neuron2_7_10.limodsat
-: LUKAsiewicz infinitely-valued logic SOLver :-
Analysing satisfiability... SAT

real	5m25,095s
user	5m23,815s
sys	0m0,367s
--------------------------------
Processing: ./properties/nn_1/prop1_neuron3_7_10.limodsat
-: LUKAsiewicz infinitely-valued logic SOLver :-
Analysing satisfiability... SAT

real	18m17,799s
user	18m13,464s
sys	0m0,517s
--------------------------------
Processing: ./properties/nn_1/prop1_neuron4_7_10.limodsat
-: LUKAsiewicz infinitely-valued logic SOLver :-
Analysing satisfiability... SAT

real	0m17,395s
user	0m17,090s
sys	0m0,423s
--------------------------------
Processing: ./properties/nn_1/prop1_neuron5_7_10.limodsat
-: LUKAsiewicz infinitely-valued logic SOLver :-
Analysing satisfiability... SAT

real	18m8,771s
user	18m4,203s
sys	0m0,473s
--------------------------------
Processing: ./properties/nn_1/prop1_neuron6_7_10.limodsat
-: LUKAsiewicz infinitely-valued logic SOLver :-
Analysing satisfiability... unSAT

real	172m8,429s
user	171m31,177s
sys	0m0,858s
--------------------------------
Processing: ./properties/nn_1/prop1_neuron7_7_10.limodsat
-: LUKAsiewicz infinitely-valued logic SOLver :-
Analysing satisfiability... SAT

real	14m32,528s
user	14m29,593s
sys	0m0,471s
--------------------------------
Processing: ./properties/nn_1/prop1_neuron8_7_10.limodsat
-: LUKAsiewicz infinitely-valued logic SOLver :-
Analysing satisfiability... unSAT

real	1m4,352s
user	1m4,091s
sys	0m0,354s
--------------------------------
Processing: ./properties/nn_1/prop1_neuron9_7_10.limodsat
-: LUKAsiewicz infinitely-valued logic SOLver :-
Analysing satisfiability... SAT

real	54m14,966s
user	54m3,805s
sys	0m0,588s
--------------------------------
Processing: ./properties/nn_1/prop2_neuron0.limodsat
-: LUKAsiewicz infinitely-valued logic SOLver :-
Analysing satisfiability... SAT

real	0m38,135s
user	0m37,964s
sys	0m0,350s
--------------------------------
Processing: ./properties/nn_1/prop2_neuron10.limodsat
-: LUKAsiewicz infinitely-valued logic SOLver :-
Analysing satisfiability... SAT

real	2m12,327s
user	2m11,832s
sys	0m0,388s
--------------------------------
Processing: ./properties/nn_1/prop2_neuron11.limodsat
-: LUKAsiewicz infinitely-valued logic SOLver :-
Analysing satisfiability... SAT

real	0m28,707s
user	0m28,451s
sys	0m0,362s
--------------------------------
Processing: ./properties/nn_1/prop2_neuron12.limodsat
-: LUKAsiewicz infinitely-valued logic SOLver :-
Analysing satisfiability... SAT

real	0m32,411s
user	0m32,253s
sys	0m0,356s
--------------------------------
Processing: ./properties/nn_1/prop2_neuron13.limodsat
-: LUKAsiewicz infinitely-valued logic SOLver :-
Analysing satisfiability... SAT

real	0m47,604s
user	0m47,397s
sys	0m0,359s
--------------------------------
Processing: ./properties/nn_1/prop2_neuron14.limodsat
-: LUKAsiewicz infinitely-valued logic SOLver :-
Analysing satisfiability... SAT

real	0m14,472s
user	0m14,370s
sys	0m0,349s
--------------------------------
Processing: ./properties/nn_1/prop2_neuron1.limodsat
-: LUKAsiewicz infinitely-valued logic SOLver :-
Analysing satisfiability... SAT

real	0m14,009s
user	0m13,900s
sys	0m0,356s
--------------------------------
Processing: ./properties/nn_1/prop2_neuron2.limodsat
-: LUKAsiewicz infinitely-valued logic SOLver :-
Analysing satisfiability... SAT

real	0m35,739s
user	0m35,567s
sys	0m0,356s
--------------------------------
Processing: ./properties/nn_1/prop2_neuron3.limodsat
-: LUKAsiewicz infinitely-valued logic SOLver :-
Analysing satisfiability... SAT

real	0m37,749s
user	0m37,567s
sys	0m0,363s
--------------------------------
Processing: ./properties/nn_1/prop2_neuron4.limodsat
-: LUKAsiewicz infinitely-valued logic SOLver :-
Analysing satisfiability... SAT

real	0m13,033s
user	0m12,949s
sys	0m0,333s
--------------------------------
Processing: ./properties/nn_1/prop2_neuron5.limodsat
-: LUKAsiewicz infinitely-valued logic SOLver :-
Analysing satisfiability... SAT

real	0m11,770s
user	0m11,696s
sys	0m0,327s
--------------------------------
Processing: ./properties/nn_1/prop2_neuron6.limodsat
-: LUKAsiewicz infinitely-valued logic SOLver :-
Analysing satisfiability... SAT

real	0m20,789s
user	0m20,662s
sys	0m0,352s
--------------------------------
Processing: ./properties/nn_1/prop2_neuron7.limodsat
-: LUKAsiewicz infinitely-valued logic SOLver :-
Analysing satisfiability... SAT

real	0m27,760s
user	0m27,636s
sys	0m0,331s
--------------------------------
Processing: ./properties/nn_1/prop2_neuron8.limodsat
-: LUKAsiewicz infinitely-valued logic SOLver :-
Analysing satisfiability... SAT

real	0m19,797s
user	0m19,686s
sys	0m0,343s
--------------------------------
Processing: ./properties/nn_1/prop2_neuron9.limodsat
-: LUKAsiewicz infinitely-valued logic SOLver :-
Analysing satisfiability... SAT

real	0m39,657s
user	0m39,474s
sys	0m0,353s
--------------------------------
Processing: ./properties/nn_1/prop3_neuron0.limodsat
-: LUKAsiewicz infinitely-valued logic SOLver :-
Analysing satisfiability... SAT

real	1m23,574s
user	1m23,254s
sys	0m0,357s
--------------------------------
Processing: ./properties/nn_1/prop3_neuron10.limodsat
-: LUKAsiewicz infinitely-valued logic SOLver :-
Analysing satisfiability... SAT

real	0m11,488s
user	0m11,422s
sys	0m0,320s
--------------------------------
Processing: ./properties/nn_1/prop3_neuron11.limodsat
-: LUKAsiewicz infinitely-valued logic SOLver :-
Analysing satisfiability... SAT

real	0m11,646s
user	0m11,550s
sys	0m0,350s
--------------------------------
Processing: ./properties/nn_1/prop3_neuron12.limodsat
-: LUKAsiewicz infinitely-valued logic SOLver :-
Analysing satisfiability... SAT

real	0m11,209s
user	0m11,118s
sys	0m0,347s
--------------------------------
Processing: ./properties/nn_1/prop3_neuron13.limodsat
-: LUKAsiewicz infinitely-valued logic SOLver :-
Analysing satisfiability... SAT

real	0m11,277s
user	0m11,184s
sys	0m0,339s
--------------------------------
Processing: ./properties/nn_1/prop3_neuron14.limodsat
-: LUKAsiewicz infinitely-valued logic SOLver :-
Analysing satisfiability... SAT

real	0m11,249s
user	0m11,180s
sys	0m0,325s
--------------------------------
Processing: ./properties/nn_1/prop3_neuron1.limodsat
-: LUKAsiewicz infinitely-valued logic SOLver :-
Analysing satisfiability... SAT

real	0m34,455s
user	0m34,302s
sys	0m0,341s
--------------------------------
Processing: ./properties/nn_1/prop3_neuron2.limodsat
-: LUKAsiewicz infinitely-valued logic SOLver :-
Analysing satisfiability... SAT

real	0m11,464s
user	0m11,366s
sys	0m0,351s
--------------------------------
Processing: ./properties/nn_1/prop3_neuron3.limodsat
-: LUKAsiewicz infinitely-valued logic SOLver :-
Analysing satisfiability... SAT

real	0m10,973s
user	0m10,898s
sys	0m0,330s
--------------------------------
Processing: ./properties/nn_1/prop3_neuron4.limodsat
-: LUKAsiewicz infinitely-valued logic SOLver :-
Analysing satisfiability... SAT

real	0m10,446s
user	0m10,368s
sys	0m0,335s
--------------------------------
Processing: ./properties/nn_1/prop3_neuron5.limodsat
-: LUKAsiewicz infinitely-valued logic SOLver :-
Analysing satisfiability... SAT

real	0m11,304s
user	0m11,227s
sys	0m0,333s
--------------------------------
Processing: ./properties/nn_1/prop3_neuron6.limodsat
-: LUKAsiewicz infinitely-valued logic SOLver :-
Analysing satisfiability... SAT

real	0m11,268s
user	0m11,170s
sys	0m0,352s
--------------------------------
Processing: ./properties/nn_1/prop3_neuron7.limodsat
-: LUKAsiewicz infinitely-valued logic SOLver :-
Analysing satisfiability... SAT

real	0m10,967s
user	0m10,890s
sys	0m0,331s
--------------------------------
Processing: ./properties/nn_1/prop3_neuron8.limodsat
-: LUKAsiewicz infinitely-valued logic SOLver :-
Analysing satisfiability... SAT

real	0m11,364s
user	0m11,292s
sys	0m0,326s
--------------------------------
Processing: ./properties/nn_1/prop3_neuron9.limodsat
-: LUKAsiewicz infinitely-valued logic SOLver :-
Analysing satisfiability... SAT

real	0m11,427s
user	0m11,323s
sys	0m0,356s
--------------------------------
Processing: ./properties/nn_1/prop4_neuron0_1_10.limodsat
-: LUKAsiewicz infinitely-valued logic SOLver :-
Analysing satisfiability... SAT

real	0m11,910s
user	0m11,812s
sys	0m0,349s
--------------------------------
Processing: ./properties/nn_1/prop4_neuron0_1_20.limodsat
-: LUKAsiewicz infinitely-valued logic SOLver :-
Analysing satisfiability... SAT

real	0m12,021s
user	0m11,898s
sys	0m0,359s
--------------------------------
Processing: ./properties/nn_1/prop4_neuron0_2_10.limodsat
-: LUKAsiewicz infinitely-valued logic SOLver :-
Analysing satisfiability... SAT

real	0m11,842s
user	0m11,740s
sys	0m0,352s
--------------------------------
Processing: ./properties/nn_1/prop4_neuron10_1_10.limodsat
-: LUKAsiewicz infinitely-valued logic SOLver :-
Analysing satisfiability... SAT

real	0m11,299s
user	0m11,228s
sys	0m0,324s
--------------------------------
Processing: ./properties/nn_1/prop4_neuron10_1_20.limodsat
-: LUKAsiewicz infinitely-valued logic SOLver :-
Analysing satisfiability... SAT

real	0m11,261s
user	0m11,186s
sys	0m0,329s
--------------------------------
Processing: ./properties/nn_1/prop4_neuron10_2_10.limodsat
-: LUKAsiewicz infinitely-valued logic SOLver :-
Analysing satisfiability... SAT

real	0m11,143s
user	0m11,032s
sys	0m0,332s
--------------------------------
Processing: ./properties/nn_1/prop4_neuron1_1_10.limodsat
-: LUKAsiewicz infinitely-valued logic SOLver :-
Analysing satisfiability... SAT

real	0m11,941s
user	0m11,835s
sys	0m0,347s
--------------------------------
Processing: ./properties/nn_1/prop4_neuron11_1_10.limodsat
-: LUKAsiewicz infinitely-valued logic SOLver :-
Analysing satisfiability... SAT

real	2m1,910s
user	2m1,469s
sys	0m0,365s
--------------------------------
Processing: ./properties/nn_1/prop4_neuron11_1_20.limodsat
-: LUKAsiewicz infinitely-valued logic SOLver :-
Analysing satisfiability... SAT

real	1m20,462s
user	1m20,168s
sys	0m0,342s
--------------------------------
Processing: ./properties/nn_1/prop4_neuron1_1_20.limodsat
-: LUKAsiewicz infinitely-valued logic SOLver :-
Analysing satisfiability... SAT

real	0m11,892s
user	0m11,816s
sys	0m0,317s
--------------------------------
Processing: ./properties/nn_1/prop4_neuron11_2_10.limodsat
-: LUKAsiewicz infinitely-valued logic SOLver :-
Analysing satisfiability... SAT

real	2m4,961s
user	2m4,482s
sys	0m0,385s
--------------------------------
Processing: ./properties/nn_1/prop4_neuron1_2_10.limodsat
-: LUKAsiewicz infinitely-valued logic SOLver :-
Analysing satisfiability... SAT

real	0m12,047s
user	0m11,948s
sys	0m0,353s
--------------------------------
Processing: ./properties/nn_1/prop4_neuron12_1_10.limodsat
-: LUKAsiewicz infinitely-valued logic SOLver :-
Analysing satisfiability... SAT

real	0m11,059s
user	0m10,997s
sys	0m0,319s
--------------------------------
Processing: ./properties/nn_1/prop4_neuron12_1_20.limodsat
-: LUKAsiewicz infinitely-valued logic SOLver :-
Analysing satisfiability... SAT

real	0m11,276s
user	0m11,209s
sys	0m0,316s
--------------------------------
Processing: ./properties/nn_1/prop4_neuron12_2_10.limodsat
-: LUKAsiewicz infinitely-valued logic SOLver :-
Analysing satisfiability... SAT

real	0m11,408s
user	0m11,333s
sys	0m0,327s
--------------------------------
Processing: ./properties/nn_1/prop4_neuron13_1_10.limodsat
-: LUKAsiewicz infinitely-valued logic SOLver :-
Analysing satisfiability... SAT

real	0m10,968s
user	0m10,897s
sys	0m0,326s
--------------------------------
Processing: ./properties/nn_1/prop4_neuron13_1_20.limodsat
-: LUKAsiewicz infinitely-valued logic SOLver :-
Analysing satisfiability... SAT

real	0m11,109s
user	0m11,048s
sys	0m0,318s
--------------------------------
Processing: ./properties/nn_1/prop4_neuron13_2_10.limodsat
-: LUKAsiewicz infinitely-valued logic SOLver :-
Analysing satisfiability... SAT

real	0m11,120s
user	0m11,060s
sys	0m0,314s
--------------------------------
Processing: ./properties/nn_1/prop4_neuron14_1_10.limodsat
-: LUKAsiewicz infinitely-valued logic SOLver :-
Analysing satisfiability... SAT

real	0m11,452s
user	0m11,242s
sys	0m0,325s
--------------------------------
Processing: ./properties/nn_1/prop4_neuron14_1_20.limodsat
-: LUKAsiewicz infinitely-valued logic SOLver :-
Analysing satisfiability... SAT

real	0m11,379s
user	0m11,295s
sys	0m0,335s
--------------------------------
Processing: ./properties/nn_1/prop4_neuron14_2_10.limodsat
-: LUKAsiewicz infinitely-valued logic SOLver :-
Analysing satisfiability... SAT

real	0m11,408s
user	0m11,320s
sys	0m0,340s
--------------------------------
Processing: ./properties/nn_1/prop4_neuron2_1_10.limodsat
-: LUKAsiewicz infinitely-valued logic SOLver :-
Analysing satisfiability... SAT

real	0m12,139s
user	0m12,055s
sys	0m0,330s
--------------------------------
Processing: ./properties/nn_1/prop4_neuron2_1_20.limodsat
-: LUKAsiewicz infinitely-valued logic SOLver :-
Analysing satisfiability... SAT

real	0m11,932s
user	0m11,855s
sys	0m0,333s
--------------------------------
Processing: ./properties/nn_1/prop4_neuron2_2_10.limodsat
-: LUKAsiewicz infinitely-valued logic SOLver :-
Analysing satisfiability... SAT

real	0m12,044s
user	0m11,953s
sys	0m0,343s
--------------------------------
Processing: ./properties/nn_1/prop4_neuron3_1_10.limodsat
-: LUKAsiewicz infinitely-valued logic SOLver :-
Analysing satisfiability... SAT

real	0m16,207s
user	0m16,104s
sys	0m0,342s
--------------------------------
Processing: ./properties/nn_1/prop4_neuron3_1_20.limodsat
-: LUKAsiewicz infinitely-valued logic SOLver :-
Analysing satisfiability... SAT

real	0m16,245s
user	0m16,144s
sys	0m0,341s
--------------------------------
Processing: ./properties/nn_1/prop4_neuron3_2_10.limodsat
-: LUKAsiewicz infinitely-valued logic SOLver :-
Analysing satisfiability... SAT

real	0m16,362s
user	0m16,249s
sys	0m0,354s
--------------------------------
Processing: ./properties/nn_1/prop4_neuron4_1_10.limodsat
-: LUKAsiewicz infinitely-valued logic SOLver :-
Analysing satisfiability... SAT

real	1m39,482s
user	1m39,088s
sys	0m0,360s
--------------------------------
Processing: ./properties/nn_1/prop4_neuron4_1_20.limodsat
-: LUKAsiewicz infinitely-valued logic SOLver :-
Analysing satisfiability... SAT

real	1m39,547s
user	1m39,145s
sys	0m0,378s
--------------------------------
Processing: ./properties/nn_1/prop4_neuron4_2_10.limodsat
-: LUKAsiewicz infinitely-valued logic SOLver :-
Analysing satisfiability... SAT

real	1m39,245s
user	1m38,829s
sys	0m0,374s
--------------------------------
Processing: ./properties/nn_1/prop4_neuron5_1_10.limodsat
-: LUKAsiewicz infinitely-valued logic SOLver :-
Analysing satisfiability... SAT

real	0m30,492s
user	0m30,321s
sys	0m0,368s
--------------------------------
Processing: ./properties/nn_1/prop4_neuron5_1_20.limodsat
-: LUKAsiewicz infinitely-valued logic SOLver :-
Analysing satisfiability... SAT

real	0m30,397s
user	0m30,225s
sys	0m0,374s
--------------------------------
Processing: ./properties/nn_1/prop4_neuron5_2_10.limodsat
-: LUKAsiewicz infinitely-valued logic SOLver :-
Analysing satisfiability... SAT

real	0m30,380s
user	0m30,228s
sys	0m0,355s
--------------------------------
Processing: ./properties/nn_1/prop4_neuron6_1_10.limodsat
-: LUKAsiewicz infinitely-valued logic SOLver :-
Analysing satisfiability... SAT

real	0m11,168s
user	0m11,121s
sys	0m0,302s
--------------------------------
Processing: ./properties/nn_1/prop4_neuron6_1_20.limodsat
-: LUKAsiewicz infinitely-valued logic SOLver :-
Analysing satisfiability... SAT

real	0m10,995s
user	0m10,918s
sys	0m0,331s
--------------------------------
Processing: ./properties/nn_1/prop4_neuron6_2_10.limodsat
-: LUKAsiewicz infinitely-valued logic SOLver :-
Analysing satisfiability... SAT

real	0m10,855s
user	0m10,775s
sys	0m0,337s
--------------------------------
Processing: ./properties/nn_1/prop4_neuron7_1_10.limodsat
-: LUKAsiewicz infinitely-valued logic SOLver :-
Analysing satisfiability... SAT

real	0m11,207s
user	0m11,143s
sys	0m0,319s
--------------------------------
Processing: ./properties/nn_1/prop4_neuron7_1_20.limodsat
-: LUKAsiewicz infinitely-valued logic SOLver :-
Analysing satisfiability... SAT

real	0m11,177s
user	0m11,106s
sys	0m0,326s
--------------------------------
Processing: ./properties/nn_1/prop4_neuron7_2_10.limodsat
-: LUKAsiewicz infinitely-valued logic SOLver :-
Analysing satisfiability... SAT

real	0m11,204s
user	0m11,116s
sys	0m0,341s
--------------------------------
Processing: ./properties/nn_1/prop4_neuron8_1_10.limodsat
-: LUKAsiewicz infinitely-valued logic SOLver :-
Analysing satisfiability... SAT

real	0m13,197s
user	0m13,080s
sys	0m0,361s
--------------------------------
Processing: ./properties/nn_1/prop4_neuron8_1_20.limodsat
-: LUKAsiewicz infinitely-valued logic SOLver :-
Analysing satisfiability... SAT

real	0m13,165s
user	0m13,070s
sys	0m0,345s
--------------------------------
Processing: ./properties/nn_1/prop4_neuron8_2_10.limodsat
-: LUKAsiewicz infinitely-valued logic SOLver :-
Analysing satisfiability... SAT

real	0m13,280s
user	0m13,223s
sys	0m0,305s
--------------------------------
Processing: ./properties/nn_1/prop4_neuron9_1_10.limodsat
-: LUKAsiewicz infinitely-valued logic SOLver :-
Analysing satisfiability... SAT

real	0m13,266s
user	0m13,175s
sys	0m0,320s
--------------------------------
Processing: ./properties/nn_1/prop4_neuron9_1_20.limodsat
-: LUKAsiewicz infinitely-valued logic SOLver :-
Analysing satisfiability... SAT

real	0m13,363s
user	0m13,250s
sys	0m0,353s
--------------------------------
Processing: ./properties/nn_1/prop4_neuron9_2_10.limodsat
-: LUKAsiewicz infinitely-valued logic SOLver :-
Analysing satisfiability... SAT

real	0m13,371s
user	0m13,267s
sys	0m0,352s
